<?xml version="1.0" encoding="utf-8"?>
<TestRun id="dc8ac137-6fff-423d-84dc-946b0d4630ac" name="MaheshSa@MAHESHSA 2019-10-14 15:02:53" runUser="SERANET\MaheshSa" xmlns="http://microsoft.com/schemas/VisualStudio/TeamTest/2010">
  <Times creation="2019-10-14T15:02:53.8602249+05:30" queuing="2019-10-14T15:02:53.8602250+05:30" start="2019-10-14T15:02:52.9839083+05:30" finish="2019-10-14T15:02:53.8712295+05:30" />
  <TestSettings name="default" id="3219580a-d693-468d-ba4d-f15fa03bee7b">
    <Deployment runDeploymentRoot="MaheshSa_MAHESHSA_2019-10-14_15_02_53" />
  </TestSettings>
  <Results>
    <UnitTestResult executionId="dbff1615-88e7-49e4-9d84-4ec3de8bd885" testId="ccd72740-cd28-192e-9782-3ffceb02acfc" testName="CalculatorAddTest" computerName="MAHESHSA" duration="00:00:00.0080000" startTime="2019-10-14T15:02:53.0000000+05:30" endTime="2019-10-14T15:02:53.0000000+05:30" testType="13cdc9d9-ddb5-4fa4-a97d-d965ccfc6d4b" outcome="Passed" testListId="8c84fa94-04c1-424b-9868-57a2d4851a1d" relativeResultsDirectory="dbff1615-88e7-49e4-9d84-4ec3de8bd885" />
  </Results>
  <TestDefinitions>
    <UnitTest name="CalculatorAddTest" storage="d:\coders glory\test\sample templates\dotnetcorewebapitest\dotnetcorewebapitest\nunittestproject1\bin\debug\netcoreapp2.1\nunittestproject1.dll" id="ccd72740-cd28-192e-9782-3ffceb02acfc">
      <Execution id="dbff1615-88e7-49e4-9d84-4ec3de8bd885" />
      <TestMethod codeBase="D:\Coders Glory\test\Sample Templates\DotNetCoreWebApiTest\DotNetCoreWebApiTest\NUnitTestProject1\bin\Debug\netcoreapp2.1\NUnitTestProject1.dll" adapterTypeName="executor://nunit3testexecutor/" className="Tests.UnitTestSample" name="CalculatorAddTest" />
    </UnitTest>
  </TestDefinitions>
  <TestEntries>
    <TestEntry testId="ccd72740-cd28-192e-9782-3ffceb02acfc" executionId="dbff1615-88e7-49e4-9d84-4ec3de8bd885" testListId="8c84fa94-04c1-424b-9868-57a2d4851a1d" />
  </TestEntries>
  <TestLists>
    <TestList name="Results Not in a List" id="8c84fa94-04c1-424b-9868-57a2d4851a1d" />
    <TestList name="All Loaded Results" id="19431567-8539-422a-85d7-44ee4e166bda" />
  </TestLists>
  <ResultSummary outcome="Completed">
    <Counters total="1" executed="1" passed="1" failed="0" error="0" timeout="0" aborted="0" inconclusive="0" passedButRunAborted="0" notRunnable="0" notExecuted="0" disconnected="0" warning="0" completed="0" inProgress="0" pending="0" />
    <Output>
      <StdOut>NUnit Adapter 3.10.0.21: Test execution started&#xD;
Running all tests in D:\Coders Glory\test\Sample Templates\DotNetCoreWebApiTest\DotNetCoreWebApiTest\NUnitTestProject1\bin\Debug\netcoreapp2.1\NUnitTestProject1.dll&#xD;
NUnit3TestExecutor converted 1 of 1 NUnit test cases&#xD;
NUnit Adapter 3.10.0.21: Test execution complete&#xD;
</StdOut>
    </Output>
  </ResultSummary>
</TestRun>